https://www.instagram.com/p/Cy99CCKyxGl/

['0082dcc2a1e1b5c29bcbc9053e9bc944', 1]
Downloading.. ━━━━━━━━━━━━━━━━━━━━━━━━━━━━━━━━━━━━━━━━ 2.9/2.9 MB • 19.8 MB/s

Video has been saved in 
videos/snapinst.app_0082dcc2a1e1b5c29bcbc9053e9bc944_vid1.mp4

['0082dcc2a1e1b5c29bcbc9053e9bc944', 2]
Downloading.. ━━━━━━━━━━━━━━━━━━━━━━━━━━━━━━━━━━━━━━━━ 2.9/2.9 MB • 28.7 MB/s

Video has been saved in 
videos/snapinst.app_0082dcc2a1e1b5c29bcbc9053e9bc944_vid2.mp4

https://www.instagram.com/reel/CuF89IbJjmc/

['00D374FA508C4B5EBE20F09B7F39CF4A', 1]
Downloading.. ━━━━━━━━━━━━━━━━━━━━━━━━━━━━━━━━━━━━━━━━ 2.0/2.0 MB • 16.7 MB/s

Video has been saved in 
videos/snapinst.app_00D374FA508C4B5EBE20F09B7F39CF4A_vid1.mp4

https://www.instagram.com/p/C_KCDx_s69Q/
Traceback (most recent call last):
  File "<frozen runpy>", line 198, in _run_module_as_main
  File "<frozen runpy>", line 88, in _run_code
  File "/home/sparrow/Documents/data_projects/Insta-Down/snapinsta/__main__.py", line 136, in <module>
    SnapInsta.start_download(video_url, uuid)
  File "/home/sparrow/Documents/data_projects/Insta-Down/snapinsta/__main__.py", line 116, in start_download
    js_code = cls._get_variable(client, insta_url, token)
              ^^^^^^^^^^^^^^^^^^^^^^^^^^^^^^^^^^^^^^^^^^^
  File "/home/sparrow/Documents/data_projects/Insta-Down/snapinsta/__main__.py", line 35, in _get_variable
    response = client.post(
               ^^^^^^^^^^^^
  File "/home/sparrow/anaconda3/envs/instaEnv/lib/python3.11/site-packages/httpx/_client.py", line 1145, in post
    return self.request(
           ^^^^^^^^^^^^^
  File "/home/sparrow/anaconda3/envs/instaEnv/lib/python3.11/site-packages/httpx/_client.py", line 827, in request
    return self.send(request, auth=auth, follow_redirects=follow_redirects)
           ^^^^^^^^^^^^^^^^^^^^^^^^^^^^^^^^^^^^^^^^^^^^^^^^^^^^^^^^^^^^^^^^
  File "/home/sparrow/anaconda3/envs/instaEnv/lib/python3.11/site-packages/httpx/_client.py", line 914, in send
    response = self._send_handling_auth(
               ^^^^^^^^^^^^^^^^^^^^^^^^^
  File "/home/sparrow/anaconda3/envs/instaEnv/lib/python3.11/site-packages/httpx/_client.py", line 942, in _send_handling_auth
    response = self._send_handling_redirects(
               ^^^^^^^^^^^^^^^^^^^^^^^^^^^^^^
  File "/home/sparrow/anaconda3/envs/instaEnv/lib/python3.11/site-packages/httpx/_client.py", line 979, in _send_handling_redirects
    response = self._send_single_request(request)
               ^^^^^^^^^^^^^^^^^^^^^^^^^^^^^^^^^^
  File "/home/sparrow/anaconda3/envs/instaEnv/lib/python3.11/site-packages/httpx/_client.py", line 1015, in _send_single_request
    response = transport.handle_request(request)
               ^^^^^^^^^^^^^^^^^^^^^^^^^^^^^^^^^
  File "/home/sparrow/anaconda3/envs/instaEnv/lib/python3.11/site-packages/httpx/_transports/default.py", line 233, in handle_request
    resp = self._pool.handle_request(req)
           ^^^^^^^^^^^^^^^^^^^^^^^^^^^^^^
  File "/home/sparrow/anaconda3/envs/instaEnv/lib/python3.11/site-packages/httpcore/_sync/connection_pool.py", line 216, in handle_request
    raise exc from None
  File "/home/sparrow/anaconda3/envs/instaEnv/lib/python3.11/site-packages/httpcore/_sync/connection_pool.py", line 196, in handle_request
    response = connection.handle_request(
               ^^^^^^^^^^^^^^^^^^^^^^^^^^
  File "/home/sparrow/anaconda3/envs/instaEnv/lib/python3.11/site-packages/httpcore/_sync/connection.py", line 101, in handle_request
    return self._connection.handle_request(request)
           ^^^^^^^^^^^^^^^^^^^^^^^^^^^^^^^^^^^^^^^^
  File "/home/sparrow/anaconda3/envs/instaEnv/lib/python3.11/site-packages/httpcore/_sync/http11.py", line 143, in handle_request
    raise exc
  File "/home/sparrow/anaconda3/envs/instaEnv/lib/python3.11/site-packages/httpcore/_sync/http11.py", line 113, in handle_request
    ) = self._receive_response_headers(**kwargs)
        ^^^^^^^^^^^^^^^^^^^^^^^^^^^^^^^^^^^^^^^^
  File "/home/sparrow/anaconda3/envs/instaEnv/lib/python3.11/site-packages/httpcore/_sync/http11.py", line 186, in _receive_response_headers
    event = self._receive_event(timeout=timeout)
            ^^^^^^^^^^^^^^^^^^^^^^^^^^^^^^^^^^^^
  File "/home/sparrow/anaconda3/envs/instaEnv/lib/python3.11/site-packages/httpcore/_sync/http11.py", line 224, in _receive_event
    data = self._network_stream.read(
           ^^^^^^^^^^^^^^^^^^^^^^^^^^
  File "/home/sparrow/anaconda3/envs/instaEnv/lib/python3.11/site-packages/httpcore/_backends/sync.py", line 126, in read
    return self._sock.recv(max_bytes)
           ^^^^^^^^^^^^^^^^^^^^^^^^^^
  File "/home/sparrow/anaconda3/envs/instaEnv/lib/python3.11/ssl.py", line 1295, in recv
    return self.read(buflen)
           ^^^^^^^^^^^^^^^^^
  File "/home/sparrow/anaconda3/envs/instaEnv/lib/python3.11/ssl.py", line 1168, in read
    return self._sslobj.read(len)
           ^^^^^^^^^^^^^^^^^^^^^^
KeyboardInterrupt

